<?xml version="1.0" encoding="UTF-8"?>
<testsuite xmlns:xsi="http://www.w3.org/2001/XMLSchema-instance" xsi:noNamespaceSchemaLocation="https://maven.apache.org/surefire/maven-surefire-plugin/xsd/surefire-test-report-3.0.xsd" version="3.0" name="OrdersTest" time="5.443" tests="3" errors="0" skipped="0" failures="0">
  <properties>
[...]
</properties>
  <testcase name="NotIngridientsOrder" classname="OrdersTest" time="0.811">
    <system-out><![CDATA[Request method:	POST
Request URI:	https://stellarburgers.education-services.ru/api/auth/register
Proxy:			<none>
Request params:	<none>
Query params:	<none>
Form params:	<none>
Path params:	<none>
Headers:		Accept=*/*
				Content-Type=application/json
Cookies:		<none>
Multiparts:		<none>
Body:
{
    "email": "user_1772922700124@yandex.ru",
    "password": "RRREWR45",
    "name": "Vova"
}
Request method:	POST
Request URI:	https://stellarburgers.education-services.ru/api/orders
Proxy:			<none>
Request params:	<none>
Query params:	<none>
Form params:	<none>
Path params:	<none>
Headers:		Authorization=Bearer eyJhbGciOiJIUzI1NiIsInR5cCI6IkpXVCJ9.eyJpZCI6IjY5YWNhNzRjOTg0MjcwMDAxYmU1ZWI0NCIsImlhdCI6MTc3MjkyMjcwMCwiZXhwIjoxNzcyOTIzOTAwfQ.NVXwN9nzoi8tXgdOBVJ82YKUtC9hYUO_Uh7AZ82nF6g
				Accept=*/*
				Content-Type=application/json
Cookies:		<none>
Multiparts:		<none>
Body:
{
    "ingredients": [
        
    ]
}
Request method:	DELETE
Request URI:	https://stellarburgers.education-services.ru/api/auth/user
Proxy:			<none>
Request params:	<none>
Query params:	<none>
Form params:	<none>
Path params:	<none>
Headers:		Authorization=Bearer eyJhbGciOiJIUzI1NiIsInR5cCI6IkpXVCJ9.eyJpZCI6IjY5YWNhNzRjOTg0MjcwMDAxYmU1ZWI0NCIsImlhdCI6MTc3MjkyMjcwMCwiZXhwIjoxNzcyOTIzOTAwfQ.NVXwN9nzoi8tXgdOBVJ82YKUtC9hYUO_Uh7AZ82nF6g
				Accept=*/*
Cookies:		<none>
Multiparts:		<none>
Body:			<none>
]]></system-out>
  </testcase>
  <testcase name="NotValidIngridients" classname="OrdersTest" time="0.833">
    <system-out><![CDATA[Request method:	POST
Request URI:	https://stellarburgers.education-services.ru/api/auth/register
Proxy:			<none>
Request params:	<none>
Query params:	<none>
Form params:	<none>
Path params:	<none>
Headers:		Accept=*/*
				Content-Type=application/json
Cookies:		<none>
Multiparts:		<none>
Body:
{
    "email": "user_1772922700937@yandex.ru",
    "password": "RRREWR45",
    "name": "Vova"
}
Request method:	POST
Request URI:	https://stellarburgers.education-services.ru/api/orders
Proxy:			<none>
Request params:	<none>
Query params:	<none>
Form params:	<none>
Path params:	<none>
Headers:		Authorization=Bearer eyJhbGciOiJIUzI1NiIsInR5cCI6IkpXVCJ9.eyJpZCI6IjY5YWNhNzRkOTg0MjcwMDAxYmU1ZWI0NiIsImlhdCI6MTc3MjkyMjcwMSwiZXhwIjoxNzcyOTIzOTAxfQ.z3XM8WNAAWclL1z2yWdP2GWml4jTYLJw81sMwz18VEw
				Accept=*/*
				Content-Type=application/json
Cookies:		<none>
Multiparts:		<none>
Body:
{
    "ingredients": [
        "1",
        "@",
        "#"
    ]
}
Request method:	DELETE
Request URI:	https://stellarburgers.education-services.ru/api/auth/user
Proxy:			<none>
Request params:	<none>
Query params:	<none>
Form params:	<none>
Path params:	<none>
Headers:		Authorization=Bearer eyJhbGciOiJIUzI1NiIsInR5cCI6IkpXVCJ9.eyJpZCI6IjY5YWNhNzRkOTg0MjcwMDAxYmU1ZWI0NiIsImlhdCI6MTc3MjkyMjcwMSwiZXhwIjoxNzcyOTIzOTAxfQ.z3XM8WNAAWclL1z2yWdP2GWml4jTYLJw81sMwz18VEw
				Accept=*/*
Cookies:		<none>
Multiparts:		<none>
Body:			<none>
]]></system-out>
  </testcase>
  <testcase name="NewOrder" classname="OrdersTest" time="3.796">
    <system-out><![CDATA[Request method:	POST
Request URI:	https://stellarburgers.education-services.ru/api/auth/register
Proxy:			<none>
Request params:	<none>
Query params:	<none>
Form params:	<none>
Path params:	<none>
Headers:		Accept=*/*
				Content-Type=application/json
Cookies:		<none>
Multiparts:		<none>
Body:
{
    "email": "user_1772922701771@yandex.ru",
    "password": "RRREWR45",
    "name": "Vova"
}
Request method:	POST
Request URI:	https://stellarburgers.education-services.ru/api/orders
Proxy:			<none>
Request params:	<none>
Query params:	<none>
Form params:	<none>
Path params:	<none>
Headers:		Authorization=Bearer eyJhbGciOiJIUzI1NiIsInR5cCI6IkpXVCJ9.eyJpZCI6IjY5YWNhNzRkOTg0MjcwMDAxYmU1ZWI0OCIsImlhdCI6MTc3MjkyMjcwMSwiZXhwIjoxNzcyOTIzOTAxfQ.tp9j454IwwKhuEKxBthfkmnc2BzXpGjznbJpUrQb66k
				Accept=*/*
				Content-Type=application/json
Cookies:		<none>
Multiparts:		<none>
Body:
{
    "ingredients": [
        "61c0c5a71d1f82001bdaaa79",
        "61c0c5a71d1f82001bdaaa6d"
    ]
}
Request method:	DELETE
Request URI:	https://stellarburgers.education-services.ru/api/auth/user
Proxy:			<none>
Request params:	<none>
Query params:	<none>
Form params:	<none>
Path params:	<none>
Headers:		Authorization=Bearer eyJhbGciOiJIUzI1NiIsInR5cCI6IkpXVCJ9.eyJpZCI6IjY5YWNhNzRkOTg0MjcwMDAxYmU1ZWI0OCIsImlhdCI6MTc3MjkyMjcwMSwiZXhwIjoxNzcyOTIzOTAxfQ.tp9j454IwwKhuEKxBthfkmnc2BzXpGjznbJpUrQb66k
				Accept=*/*
Cookies:		<none>
Multiparts:		<none>
Body:			<none>
]]></system-out>
  </testcase>
</testsuite>